<?xml version="1.0" encoding="UTF-8"?>
<!-- Generated by org.testng.reporters.JUnitXMLReporter -->
<testsuite ignored="0" hostname="SwarupKshatriya" failures="0" tests="5" name="Test" time="409.566" errors="0" timestamp="13 Mar 2024 05:07:20 GMT">
  <testcase classname="TestCases.TestCasesClass" name="TestCase01_Candela_EDI_850_Shipments_Pre_Validation_Report" time="85.294"/>
  <testcase classname="TestCases.TestCasesClass" name="TestCase02_Collections_Scoring_and_Strategy_Assignment" time="74.506"/>
  <testcase classname="TestCases.TestCasesClass" name="TestCase03_Collections_Delinquency_Management" time="74.231"/>
  <testcase classname="TestCases.TestCasesClass" name="TestCase04_Create_Receivables_Accounting" time="80.291"/>
  <testcase classname="TestCases.TestCasesClass" name="TestCases05_Create_Accounting" time="83.717"/>
</testsuite> <!-- Test -->
