<?xml version="1.0" encoding="UTF-8"?>
<!-- Generated by org.testng.reporters.JUnitXMLReporter -->
<testsuite ignored="0" hostname="SwarupKshatriya" failures="0" tests="5" name="Command line test" time="422.701" errors="0" timestamp="2024-03-12T23:56:03 EDT">
  <testcase classname="TestCases.TestCasesClass" name="TestCase01_Candela_EDI_850_Shipments_Pre_Validation_Report" time="87.543"/>
  <testcase classname="TestCases.TestCasesClass" name="TestCase02_Collections_Scoring_and_Strategy_Assignment" time="74.572"/>
  <testcase classname="TestCases.TestCasesClass" name="TestCase03_Collections_Delinquency_Management" time="81.841"/>
  <testcase classname="TestCases.TestCasesClass" name="TestCase04_Create_Receivables_Accounting" time="80.023"/>
  <testcase classname="TestCases.TestCasesClass" name="TestCases05_Create_Accounting" time="87.103"/>
</testsuite> <!-- Command line test -->
